# JRE version: Java(TM) SE Runtime Environment (21.0.4+8) (build 21.0.4+8-LTS-274)
# Java VM: Java HotSpot(TM) 64-Bit Server VM (21.0.4+8-LTS-274, mixed mode, emulated-client, sharing, tiered, compressed oops, compressed class ptrs, g1 gc, windows-amd64)
GC Precious Log:
 CardTable entry size: 512
 Card Set container configuration: InlinePtr #cards 5 size 8 Array Of Cards #cards 12 size 40 Howl #buckets 4 coarsen threshold 1843 Howl Bitmap #cards 512 size 80 coarsen threshold 460 Card regions per heap region 1 cards per card region 2048
 CPUs: 4 total, 4 available
 Memory: 7603M
 Large Page Support: Disabled
 NUMA Support: Disabled
 Compressed Oops: Enabled (32-bit)
 Heap Region Size: 1M
 Heap Min Capacity: 8M
 Heap Initial Capacity: 120M
 Heap Max Capacity: 1902M
 Pre-touch: Disabled
 Parallel Workers: 4
 Concurrent Workers: 1
 Concurrent Refinement Workers: 4
 Periodic GC: Disabled
Heap:
 garbage-first heap   total 51200K, used 45467K [0x0000000089200000, 0x0000000100000000)
  region size 1024K, 20 young (20480K), 2 survivors (2048K)
 Metaspace       used 63245K, committed 63872K, reserved 1114112K
  class space    used 9036K, committed 9344K, reserved 1048576K
GC Heap History (20 events):
Event: 16.477 GC heap before
{Heap before GC invocations=5 (full 0):
 garbage-first heap   total 51200K, used 36844K [0x0000000089200000, 0x0000000100000000)
  region size 1024K, 30 young (30720K), 6 survivors (6144K)
 Metaspace       used 25107K, committed 25600K, reserved 1114112K
  class space    used 3275K, committed 3520K, reserved 1048576K
}
Event: 16.487 GC heap after
{Heap after GC invocations=6 (full 0):
 garbage-first heap   total 51200K, used 14538K [0x0000000089200000, 0x0000000100000000)
  region size 1024K, 4 young (4096K), 4 survivors (4096K)
 Metaspace       used 25107K, committed 25600K, reserved 1114112K
  class space    used 3275K, committed 3520K, reserved 1048576K
}
Event: 17.844 GC heap before
{Heap before GC invocations=6 (full 0):
 garbage-first heap   total 51200K, used 40138K [0x0000000089200000, 0x0000000100000000)
  region size 1024K, 30 young (30720K), 4 survivors (4096K)
 Metaspace       used 28291K, committed 28736K, reserved 1114112K
  class space    used 3737K, committed 3968K, reserved 1048576K
}
Event: 17.853 GC heap after
{Heap after GC invocations=7 (full 0):
 garbage-first heap   total 51200K, used 16527K [0x0000000089200000, 0x0000000100000000)
  region size 1024K, 4 young (4096K), 4 survivors (4096K)
 Metaspace       used 28291K, committed 28736K, reserved 1114112K
  class space    used 3737K, committed 3968K, reserved 1048576K
}
Event: 19.466 GC heap before
{Heap before GC invocations=7 (full 0):
 garbage-first heap   total 51200K, used 41103K [0x0000000089200000, 0x0000000100000000)
  region size 1024K, 28 young (28672K), 4 survivors (4096K)
 Metaspace       used 31986K, committed 32448K, reserved 1114112K
  class space    used 4274K, committed 4480K, reserved 1048576K
}
Event: 19.473 GC heap after
{Heap after GC invocations=8 (full 0):
 garbage-first heap   total 51200K, used 18469K [0x0000000089200000, 0x0000000100000000)
  region size 1024K, 2 young (2048K), 2 survivors (2048K)
 Metaspace       used 31986K, committed 32448K, reserved 1114112K
  class space    used 4274K, committed 4480K, reserved 1048576K
}
Event: 20.783 GC heap before
{Heap before GC invocations=8 (full 0):
 garbage-first heap   total 51200K, used 40997K [0x0000000089200000, 0x0000000100000000)
  region size 1024K, 25 young (25600K), 2 survivors (2048K)
 Metaspace       used 35530K, committed 36096K, reserved 1114112K
  class space    used 4853K, committed 5056K, reserved 1048576K
}
Event: 20.789 GC heap after
{Heap after GC invocations=9 (full 0):
 garbage-first heap   total 51200K, used 21155K [0x0000000089200000, 0x0000000100000000)
  region size 1024K, 4 young (4096K), 4 survivors (4096K)
 Metaspace       used 35530K, committed 36096K, reserved 1114112K
  class space    used 4853K, committed 5056K, reserved 1048576K
}
Event: 20.804 GC heap before
{Heap before GC invocations=9 (full 0):
 garbage-first heap   total 51200K, used 21155K [0x0000000089200000, 0x0000000100000000)
  region size 1024K, 5 young (5120K), 4 survivors (4096K)
 Metaspace       used 35593K, committed 36160K, reserved 1114112K
  class space    used 4861K, committed 5120K, reserved 1048576K
}
Event: 20.810 GC heap after
{Heap after GC invocations=10 (full 0):
 garbage-first heap   total 51200K, used 21826K [0x0000000089200000, 0x0000000100000000)
  region size 1024K, 1 young (1024K), 1 survivors (1024K)
 Metaspace       used 35593K, committed 36160K, reserved 1114112K
  class space    used 4861K, committed 5120K, reserved 1048576K
}
Event: 23.198 GC heap before
{Heap before GC invocations=11 (full 0):
 garbage-first heap   total 51200K, used 43330K [0x0000000089200000, 0x0000000100000000)
  region size 1024K, 23 young (23552K), 1 survivors (1024K)
 Metaspace       used 39273K, committed 39936K, reserved 1114112K
  class space    used 5292K, committed 5568K, reserved 1048576K
}
Event: 23.204 GC heap after
{Heap after GC invocations=12 (full 0):
 garbage-first heap   total 51200K, used 22908K [0x0000000089200000, 0x0000000100000000)
  region size 1024K, 2 young (2048K), 2 survivors (2048K)
 Metaspace       used 39273K, committed 39936K, reserved 1114112K
  class space    used 5292K, committed 5568K, reserved 1048576K
}
Event: 24.681 GC heap before
{Heap before GC invocations=12 (full 0):
 garbage-first heap   total 51200K, used 44412K [0x0000000089200000, 0x0000000100000000)
  region size 1024K, 23 young (23552K), 2 survivors (2048K)
 Metaspace       used 44071K, committed 44736K, reserved 1114112K
  class space    used 6191K, committed 6464K, reserved 1048576K
}
Event: 24.687 GC heap after
{Heap after GC invocations=13 (full 0):
 garbage-first heap   total 51200K, used 24254K [0x0000000089200000, 0x0000000100000000)
  region size 1024K, 2 young (2048K), 2 survivors (2048K)
 Metaspace       used 44071K, committed 44736K, reserved 1114112K
  class space    used 6191K, committed 6464K, reserved 1048576K
}
Event: 27.693 GC heap before
{Heap before GC invocations=13 (full 0):
 garbage-first heap   total 51200K, used 44734K [0x0000000089200000, 0x0000000100000000)
  region size 1024K, 22 young (22528K), 2 survivors (2048K)
 Metaspace       used 49505K, committed 50176K, reserved 1114112K
  class space    used 6998K, committed 7296K, reserved 1048576K
}
Event: 27.698 GC heap after
{Heap after GC invocations=14 (full 0):
 garbage-first heap   total 51200K, used 25266K [0x0000000089200000, 0x0000000100000000)
  region size 1024K, 2 young (2048K), 2 survivors (2048K)
 Metaspace       used 49505K, committed 50176K, reserved 1114112K
  class space    used 6998K, committed 7296K, reserved 1048576K
}
Event: 31.027 GC heap before
{Heap before GC invocations=14 (full 0):
 garbage-first heap   total 51200K, used 43698K [0x0000000089200000, 0x0000000100000000)
  region size 1024K, 21 young (21504K), 2 survivors (2048K)
 Metaspace       used 54439K, committed 55104K, reserved 1114112K
  class space    used 7615K, committed 7872K, reserved 1048576K
}
Event: 31.031 GC heap after
{Heap after GC invocations=15 (full 0):
 garbage-first heap   total 51200K, used 26163K [0x0000000089200000, 0x0000000100000000)
  region size 1024K, 3 young (3072K), 3 survivors (3072K)
 Metaspace       used 54439K, committed 55104K, reserved 1114112K
  class space    used 7615K, committed 7872K, reserved 1048576K
}
Event: 33.181 GC heap before
{Heap before GC invocations=16 (full 0):
 garbage-first heap   total 51200K, used 42547K [0x0000000089200000, 0x0000000100000000)
  region size 1024K, 20 young (20480K), 3 survivors (3072K)
 Metaspace       used 59595K, committed 60224K, reserved 1114112K
  class space    used 8409K, committed 8704K, reserved 1048576K
}
Event: 33.186 GC heap after
{Heap after GC invocations=17 (full 0):
 garbage-first heap   total 51200K, used 27035K [0x0000000089200000, 0x0000000100000000)
  region size 1024K, 2 young (2048K), 2 survivors (2048K)
 Metaspace       used 59595K, committed 60224K, reserved 1114112K
  class space    used 8409K, committed 8704K, reserved 1048576K
}

